<?xml version="1.0" encoding="UTF-8"?>
<testng-results ignored="1" total="2" passed="1" failed="0" skipped="0">
  <reporter-output>
  </reporter-output>
  <suite started-at="2022-10-08T23:46:56 IST" name="Default suite" finished-at="2022-10-08T23:47:00 IST" duration-ms="4154">
    <groups>
    </groups>
    <test started-at="2022-10-08T23:46:56 IST" name="Default test" finished-at="2022-10-08T23:47:00 IST" duration-ms="4154">
      <class name="com.test.PostApiAutomate">
        <test-method signature="postTest()[pri:0, instance:com.test.PostApiAutomate@27406a17]" started-at="2022-10-08T23:46:56 IST" name="postTest" finished-at="2022-10-08T23:47:00 IST" duration-ms="4030" status="PASS">
          <reporter-output>
          </reporter-output>
        </test-method> <!-- postTest -->
      </class> <!-- com.test.PostApiAutomate -->
    </test> <!-- Default test -->
  </suite> <!-- Default suite -->
</testng-results>
